{"C:\\Users\\mehme\\Desktop\\test\\q1-q2\\functions.js": {"path":"C:\\Users\\mehme\\Desktop\\test\\q1-q2\\functions.js","statementMap":{"0":{"start":{"line":1,"column":22},"end":{"line":9,"column":1}},"1":{"start":{"line":2,"column":4},"end":{"line":4,"column":5}},"2":{"start":{"line":3,"column":8},"end":{"line":3,"column":44}},"3":{"start":{"line":5,"column":4},"end":{"line":7,"column":5}},"4":{"start":{"line":6,"column":8},"end":{"line":6,"column":42}},"5":{"start":{"line":8,"column":4},"end":{"line":8,"column":30}},"6":{"start":{"line":11,"column":26},"end":{"line":17,"column":1}},"7":{"start":{"line":13,"column":4},"end":{"line":15,"column":22}},"8":{"start":{"line":14,"column":25},"end":{"line":14,"column":69}}},"fnMap":{"0":{"name":"(anonymous_0)","decl":{"start":{"line":1,"column":22},"end":{"line":1,"column":23}},"loc":{"start":{"line":1,"column":45},"end":{"line":9,"column":1}},"line":1},"1":{"name":"(anonymous_1)","decl":{"start":{"line":11,"column":26},"end":{"line":11,"column":27}},"loc":{"start":{"line":11,"column":38},"end":{"line":17,"column":1}},"line":11},"2":{"name":"(anonymous_2)","decl":{"start":{"line":14,"column":16},"end":{"line":14,"column":17}},"loc":{"start":{"line":14,"column":25},"end":{"line":14,"column":69}},"line":14}},"branchMap":{"0":{"loc":{"start":{"line":2,"column":4},"end":{"line":4,"column":5}},"type":"if","locations":[{"start":{"line":2,"column":4},"end":{"line":4,"column":5}},{"start":{"line":2,"column":4},"end":{"line":4,"column":5}}],"line":2},"1":{"loc":{"start":{"line":2,"column":8},"end":{"line":2,"column":41}},"type":"binary-expr","locations":[{"start":{"line":2,"column":8},"end":{"line":2,"column":23}},{"start":{"line":2,"column":27},"end":{"line":2,"column":41}}],"line":2},"2":{"loc":{"start":{"line":5,"column":4},"end":{"line":7,"column":5}},"type":"if","locations":[{"start":{"line":5,"column":4},"end":{"line":7,"column":5}},{"start":{"line":5,"column":4},"end":{"line":7,"column":5}}],"line":5}},"s":{"0":1,"1":4,"2":2,"3":2,"4":1,"5":1,"6":1,"7":3,"8":9},"f":{"0":4,"1":3,"2":9},"b":{"0":[2,2],"1":[4,3],"2":[1,1]},"_coverageSchema":"1a1c01bbd47fc00a2c39e90264f33305004495a9","hash":"c3b901834983c25b3a089926e1d5d04a8e280648"}
,"C:\\Users\\mehme\\Desktop\\test\\q3\\src\\post-provider.js": {"path":"C:\\Users\\mehme\\Desktop\\test\\q3\\src\\post-provider.js","statementMap":{"0":{"start":{"line":7,"column":6},"end":{"line":14,"column":7}},"1":{"start":{"line":8,"column":23},"end":{"line":10,"column":9}},"2":{"start":{"line":11,"column":8},"end":{"line":11,"column":27}},"3":{"start":{"line":13,"column":8},"end":{"line":13,"column":19}}},"fnMap":{"0":{"name":"(anonymous_0)","decl":{"start":{"line":4,"column":4},"end":{"line":4,"column":5}},"loc":{"start":{"line":4,"column":18},"end":{"line":4,"column":20}},"line":4},"1":{"name":"(anonymous_1)","decl":{"start":{"line":6,"column":4},"end":{"line":6,"column":5}},"loc":{"start":{"line":6,"column":21},"end":{"line":15,"column":5}},"line":6}},"branchMap":{},"s":{"0":2,"1":2,"2":1,"3":1},"f":{"0":2,"1":2},"b":{},"_coverageSchema":"1a1c01bbd47fc00a2c39e90264f33305004495a9","hash":"c879ef0745d81e5d8a861023bb39128f94109e70"}
,"C:\\Users\\mehme\\Desktop\\test\\q3\\src\\post-service.js": {"path":"C:\\Users\\mehme\\Desktop\\test\\q3\\src\\post-service.js","statementMap":{"0":{"start":{"line":3,"column":8},"end":{"line":3,"column":39}},"1":{"start":{"line":7,"column":22},"end":{"line":7,"column":56}},"2":{"start":{"line":8,"column":32},"end":{"line":8,"column":70}},"3":{"start":{"line":10,"column":24},"end":{"line":10,"column":83}},"4":{"start":{"line":10,"column":52},"end":{"line":10,"column":81}},"5":{"start":{"line":12,"column":22},"end":{"line":12,"column":55}},"6":{"start":{"line":12,"column":44},"end":{"line":12,"column":54}},"7":{"start":{"line":14,"column":8},"end":{"line":14,"column":22}},"8":{"start":{"line":18,"column":21},"end":{"line":18,"column":23}},"9":{"start":{"line":20,"column":8},"end":{"line":26,"column":9}},"10":{"start":{"line":20,"column":21},"end":{"line":20,"column":22}},"11":{"start":{"line":21,"column":10},"end":{"line":25,"column":11}},"12":{"start":{"line":22,"column":12},"end":{"line":22,"column":41}},"13":{"start":{"line":24,"column":12},"end":{"line":24,"column":40}},"14":{"start":{"line":27,"column":21},"end":{"line":27,"column":22}},"15":{"start":{"line":28,"column":8},"end":{"line":32,"column":9}},"16":{"start":{"line":29,"column":10},"end":{"line":31,"column":11}},"17":{"start":{"line":30,"column":12},"end":{"line":30,"column":26}},"18":{"start":{"line":33,"column":8},"end":{"line":33,"column":32}}},"fnMap":{"0":{"name":"(anonymous_0)","decl":{"start":{"line":2,"column":4},"end":{"line":2,"column":5}},"loc":{"start":{"line":2,"column":29},"end":{"line":4,"column":5}},"line":2},"1":{"name":"(anonymous_1)","decl":{"start":{"line":6,"column":4},"end":{"line":6,"column":5}},"loc":{"start":{"line":6,"column":24},"end":{"line":15,"column":5}},"line":6},"2":{"name":"(anonymous_2)","decl":{"start":{"line":10,"column":43},"end":{"line":10,"column":44}},"loc":{"start":{"line":10,"column":52},"end":{"line":10,"column":81}},"line":10},"3":{"name":"(anonymous_3)","decl":{"start":{"line":12,"column":36},"end":{"line":12,"column":37}},"loc":{"start":{"line":12,"column":44},"end":{"line":12,"column":54}},"line":12},"4":{"name":"(anonymous_4)","decl":{"start":{"line":17,"column":4},"end":{"line":17,"column":5}},"loc":{"start":{"line":17,"column":33},"end":{"line":34,"column":5}},"line":17}},"branchMap":{"0":{"loc":{"start":{"line":21,"column":10},"end":{"line":25,"column":11}},"type":"if","locations":[{"start":{"line":21,"column":10},"end":{"line":25,"column":11}},{"start":{"line":21,"column":10},"end":{"line":25,"column":11}}],"line":21},"1":{"loc":{"start":{"line":29,"column":10},"end":{"line":31,"column":11}},"type":"if","locations":[{"start":{"line":29,"column":10},"end":{"line":31,"column":11}},{"start":{"line":29,"column":10},"end":{"line":31,"column":11}}],"line":29}},"s":{"0":1,"1":1,"2":1,"3":1,"4":4,"5":1,"6":2,"7":1,"8":2,"9":2,"10":2,"11":8,"12":2,"13":6,"14":2,"15":2,"16":6,"17":2,"18":2},"f":{"0":1,"1":1,"2":4,"3":2,"4":2},"b":{"0":[2,6],"1":[2,4]},"_coverageSchema":"1a1c01bbd47fc00a2c39e90264f33305004495a9","hash":"e406542552ac8e87cd3b41f7a1f5c7a9202d6e84"}
}
