TN:
SF:q1-q2\functions.js
FN:1,(anonymous_0)
FN:11,(anonymous_1)
FN:14,(anonymous_2)
FNF:3
FNH:3
FNDA:4,(anonymous_0)
FNDA:3,(anonymous_1)
FNDA:9,(anonymous_2)
DA:1,1
DA:2,4
DA:3,2
DA:5,2
DA:6,1
DA:8,1
DA:11,1
DA:13,3
DA:14,9
LF:9
LH:9
BRDA:2,0,0,2
BRDA:2,0,1,2
BRDA:2,1,0,4
BRDA:2,1,1,3
BRDA:5,2,0,1
BRDA:5,2,1,1
BRF:6
BRH:6
end_of_record
TN:
SF:q3\src\post-provider.js
FN:4,(anonymous_0)
FN:6,(anonymous_1)
FNF:2
FNH:2
FNDA:2,(anonymous_0)
FNDA:2,(anonymous_1)
DA:7,2
DA:8,2
DA:11,1
DA:13,1
LF:4
LH:4
BRF:0
BRH:0
end_of_record
TN:
SF:q3\src\post-service.js
FN:2,(anonymous_0)
FN:6,(anonymous_1)
FN:10,(anonymous_2)
FN:12,(anonymous_3)
FN:17,(anonymous_4)
FNF:5
FNH:5
FNDA:1,(anonymous_0)
FNDA:1,(anonymous_1)
FNDA:4,(anonymous_2)
FNDA:2,(anonymous_3)
FNDA:2,(anonymous_4)
DA:3,1
DA:7,1
DA:8,1
DA:10,4
DA:12,2
DA:14,1
DA:18,2
DA:20,2
DA:21,8
DA:22,2
DA:24,6
DA:27,2
DA:28,2
DA:29,6
DA:30,2
DA:33,2
LF:16
LH:16
BRDA:21,0,0,2
BRDA:21,0,1,6
BRDA:29,1,0,2
BRDA:29,1,1,4
BRF:4
BRH:4
end_of_record
